Using pre-set license
Built from '2022.3/staging' branch; Version is '2022.3.21f1 (bf09ca542b87) revision 12519882'; Using compiler version '192829333'; Build Type 'Release'
OS: 'Windows 11  (10.0.22621) 64bit CoreSingleLanguage' Language: 'en' Physical Memory: 14170 MB
BatchMode: 1, IsHumanControllingUs: 0, StartBugReporterOnCrash: 0, Is64bit: 1, IsPro: 1

COMMAND LINE ARGUMENTS:
C:\Program Files\Unity\Hub\Editor\2022.3.21f1\Editor\Unity.exe
-adb2
-batchMode
-noUpm
-name
AssetImportWorker2
-projectPath
C:/Users/Nivedit/Documents/Orbital/Orbital
-logFile
Logs/AssetImportWorker2.log
-srvPort
62384
Successfully changed project path to: C:/Users/Nivedit/Documents/Orbital/Orbital
C:/Users/Nivedit/Documents/Orbital/Orbital
[UnityMemory] Configuration Parameters - Can be set up in boot.config
    "memorysetup-bucket-allocator-granularity=16"
    "memorysetup-bucket-allocator-bucket-count=8"
    "memorysetup-bucket-allocator-block-size=33554432"
    "memorysetup-bucket-allocator-block-count=8"
    "memorysetup-main-allocator-block-size=16777216"
    "memorysetup-thread-allocator-block-size=16777216"
    "memorysetup-gfx-main-allocator-block-size=16777216"
    "memorysetup-gfx-thread-allocator-block-size=16777216"
    "memorysetup-cache-allocator-block-size=4194304"
    "memorysetup-typetree-allocator-block-size=2097152"
    "memorysetup-profiler-bucket-allocator-granularity=16"
    "memorysetup-profiler-bucket-allocator-bucket-count=8"
    "memorysetup-profiler-bucket-allocator-block-size=33554432"
    "memorysetup-profiler-bucket-allocator-block-count=8"
    "memorysetup-profiler-allocator-block-size=16777216"
    "memorysetup-profiler-editor-allocator-block-size=1048576"
    "memorysetup-temp-allocator-size-main=16777216"
    "memorysetup-job-temp-allocator-block-size=2097152"
    "memorysetup-job-temp-allocator-block-size-background=1048576"
    "memorysetup-job-temp-allocator-reduction-small-platforms=262144"
    "memorysetup-allocator-temp-initial-block-size-main=262144"
    "memorysetup-allocator-temp-initial-block-size-worker=262144"
    "memorysetup-temp-allocator-size-background-worker=32768"
    "memorysetup-temp-allocator-size-job-worker=262144"
    "memorysetup-temp-allocator-size-preload-manager=33554432"
    "memorysetup-temp-allocator-size-nav-mesh-worker=65536"
    "memorysetup-temp-allocator-size-audio-worker=65536"
    "memorysetup-temp-allocator-size-cloud-worker=32768"
    "memorysetup-temp-allocator-size-gi-baking-worker=262144"
    "memorysetup-temp-allocator-size-gfx=262144"
Player connection [16200] Host "[IP] 172.19.201.144 [Port] 0 [Flags] 2 [Guid] 2141588080 [EditorId] 2141588080 [Version] 1048832 [Id] WindowsEditor(7,DESKTOP-GJFHDQG) [Debug] 1 [PackageName] WindowsEditor [ProjectName] Editor" joined multi-casting on [225.0.0.222:54997]...

Player connection [16200] Host "[IP] 172.19.201.144 [Port] 0 [Flags] 2 [Guid] 2141588080 [EditorId] 2141588080 [Version] 1048832 [Id] WindowsEditor(7,DESKTOP-GJFHDQG) [Debug] 1 [PackageName] WindowsEditor [ProjectName] Editor" joined alternative multi-casting on [225.0.0.222:34997]...

[Physics::Module] Initialized MultithreadedJobDispatcher with 15 workers.
Refreshing native plugins compatible for Editor in 32.22 ms, found 10 plugins.
Preloading 0 native plugins for Editor in 0.00 ms.
Initialize engine version: 2022.3.21f1 (bf09ca542b87)
[Subsystems] Discovering subsystems at path C:/Program Files/Unity/Hub/Editor/2022.3.21f1/Editor/Data/Resources/UnitySubsystems
[Subsystems] Discovering subsystems at path C:/Users/Nivedit/Documents/Orbital/Orbital/Assets
GfxDevice: creating device client; threaded=0; jobified=0
Direct3D:
    Version:  Direct3D 11.0 [level 11.1]
    Renderer: AMD Radeon(TM) Graphics (ID=0x164c)
    Vendor:   ATI
    VRAM:     7085 MB
    Driver:   31.0.21910.5
Initialize mono
Mono path[0] = 'C:/Program Files/Unity/Hub/Editor/2022.3.21f1/Editor/Data/Managed'
Mono path[1] = 'C:/Program Files/Unity/Hub/Editor/2022.3.21f1/Editor/Data/MonoBleedingEdge/lib/mono/unityjit-win32'
Mono config path = 'C:/Program Files/Unity/Hub/Editor/2022.3.21f1/Editor/Data/MonoBleedingEdge/etc'
Using monoOptions --debugger-agent=transport=dt_socket,embedding=1,server=y,suspend=n,address=127.0.0.1:56752
Begin MonoManager ReloadAssembly
Registering precompiled unity dll's ...
Register platform support module: C:/Program Files/Unity/Hub/Editor/2022.3.21f1/Editor/Data/PlaybackEngines/WebGLSupport/UnityEditor.WebGL.Extensions.dll
Register platform support module: C:/Program Files/Unity/Hub/Editor/2022.3.21f1/Editor/Data/PlaybackEngines/WindowsStandaloneSupport/UnityEditor.WindowsStandalone.Extensions.dll
Registered in 0.014270 seconds.
- Loaded All Assemblies, in  0.589 seconds
Native extension for WindowsStandalone target not found
Native extension for WebGL target not found
Mono: successfully reloaded assembly
- Finished resetting the current domain, in  0.443 seconds
Domain Reload Profiling: 1030ms
	BeginReloadAssembly (154ms)
		ExecutionOrderSort (0ms)
		DisableScriptedObjects (0ms)
		BackupInstance (0ms)
		ReleaseScriptingObjects (0ms)
		CreateAndSetChildDomain (1ms)
	RebuildCommonClasses (61ms)
	RebuildNativeTypeToScriptingClass (18ms)
	initialDomainReloadingComplete (95ms)
	LoadAllAssembliesAndSetupDomain (259ms)
		LoadAssemblies (152ms)
		RebuildTransferFunctionScriptingTraits (0ms)
		AnalyzeDomain (256ms)
			TypeCache.Refresh (254ms)
				TypeCache.ScanAssembly (235ms)
			ScanForSourceGeneratedMonoScriptInfo (1ms)
			ResolveRequiredComponents (1ms)
	FinalizeReload (444ms)
		ReleaseScriptCaches (0ms)
		RebuildScriptCaches (0ms)
		SetupLoadedEditorAssemblies (352ms)
			LogAssemblyErrors (0ms)
			InitializePlatformSupportModulesInManaged (16ms)
			SetLoadedEditorAssemblies (10ms)
			RefreshPlugins (0ms)
			BeforeProcessingInitializeOnLoad (3ms)
			ProcessInitializeOnLoadAttributes (244ms)
			ProcessInitializeOnLoadMethodAttributes (79ms)
			AfterProcessingInitializeOnLoad (0ms)
			EditorAssembliesLoaded (0ms)
		ExecutionOrderSort2 (0ms)
		AwakeInstancesAfterBackupRestoration (0ms)
========================================================================
Worker process is ready to serve import requests
Begin MonoManager ReloadAssembly
- Loaded All Assemblies, in  1.515 seconds
Refreshing native plugins compatible for Editor in 19.77 ms, found 10 plugins.
Native extension for WindowsStandalone target not found
Native extension for WebGL target not found
Package Manager log level set to [2]
[Package Manager] Server::EnsureServerProcessIsRunning -- launch failed, reason: Unity was launched with the -noUpm command-line argument
[Package Manager] UpmClient::Send -- Unable to send message (not connected to UPM process).
[Package Manager] Cannot connect to Unity Package Manager local server
[Package Manager] Server::EnsureServerProcessIsRunning -- launch failed, reason: Unity was launched with the -noUpm command-line argument
[Package Manager] UpmClient::Send -- Unable to send message (not connected to UPM process).
[Package Manager] Cannot connect to Unity Package Manager local server
Mono: successfully reloaded assembly
[Package Manager] Server::EnsureServerProcessIsRunning -- launch failed, reason: Unity was launched with the -noUpm command-line argument
[Package Manager] UpmClient::Send -- Unable to send message (not connected to UPM process).
[Package Manager] Cannot connect to Unity Package Manager local server
[Package Manager] Server::EnsureServerProcessIsRunning -- launch failed, reason: Unity was launched with the -noUpm command-line argument
[Package Manager] UpmClient::Send -- Unable to send message (not connected to UPM process).
[Package Manager] Cannot connect to Unity Package Manager local server
- Finished resetting the current domain, in  2.215 seconds
Domain Reload Profiling: 3726ms
	BeginReloadAssembly (207ms)
		ExecutionOrderSort (0ms)
		DisableScriptedObjects (7ms)
		BackupInstance (0ms)
		ReleaseScriptingObjects (0ms)
		CreateAndSetChildDomain (39ms)
	RebuildCommonClasses (47ms)
	RebuildNativeTypeToScriptingClass (16ms)
	initialDomainReloadingComplete (72ms)
	LoadAllAssembliesAndSetupDomain (1169ms)
		LoadAssemblies (484ms)
		RebuildTransferFunctionScriptingTraits (0ms)
		AnalyzeDomain (794ms)
			TypeCache.Refresh (615ms)
				TypeCache.ScanAssembly (575ms)
			ScanForSourceGeneratedMonoScriptInfo (121ms)
			ResolveRequiredComponents (55ms)
	FinalizeReload (2215ms)
		ReleaseScriptCaches (0ms)
		RebuildScriptCaches (0ms)
		SetupLoadedEditorAssemblies (1418ms)
			LogAssemblyErrors (0ms)
			InitializePlatformSupportModulesInManaged (16ms)
			SetLoadedEditorAssemblies (9ms)
			RefreshPlugins (0ms)
			BeforeProcessingInitializeOnLoad (197ms)
			ProcessInitializeOnLoadAttributes (990ms)
			ProcessInitializeOnLoadMethodAttributes (197ms)
			AfterProcessingInitializeOnLoad (9ms)
			EditorAssembliesLoaded (0ms)
		ExecutionOrderSort2 (0ms)
		AwakeInstancesAfterBackupRestoration (10ms)
Launched and connected shader compiler UnityShaderCompiler.exe after 0.08 seconds
Refreshing native plugins compatible for Editor in 21.15 ms, found 10 plugins.
Preloading 0 native plugins for Editor in 0.00 ms.
Unloading 7894 Unused Serialized files (Serialized files now loaded: 0)
Unloading 278 unused Assets / (14.2 MB). Loaded Objects now: 8238.
Memory consumption went from 352.7 MB to 338.5 MB.
Total: 16.116200 ms (FindLiveObjects: 1.228800 ms CreateObjectMapping: 1.244000 ms MarkObjects: 7.489200 ms  DeleteObjects: 6.151800 ms)

AssetImportParameters requested are different than current active one (requested -> active):
  custom:container-demuxer-ogg: 62fdf1f143b41e24485cea50d1cbac27 -> 
  custom:framework-win-MediaFoundation: 216162199b28c13a410421893ffa2e32 -> 
  custom:container-muxer-webm: aa71ff27fc2769a1b78a27578f13a17b -> 
  custom:video-decoder-webm-vp8: 9c59270c3fd7afecdb556c50c9e8de78 -> 
  custom:SearchIndexIgnoredProperties: e643bd26f0fe6173181afceb89e7c659 -> 
  custom:AudioImporter_EditorPlatform: d09bf68614088b80899f8185d706f6e7 -> 
  custom:audio-decoder-ogg-vorbis: bf7c407c2cedff20999df2af8eb42d56 -> 
  custom:audio-encoder-webm-vorbis: bf7c407c2cedff20999df2af8eb42d56 -> 
  custom:video-codec-MediaFoundation-h265: 746d11721c4dcdbdad8f713fa42b33f4 -> 
  custom:video-decoder-ogg-theora: a1e56fd34408186e4bbccfd4996cb3dc -> 
  custom:CustomObjectIndexerAttribute: 72b91833f83ae208fae7752999fa3104 -> 
  custom:container-demuxer-webm: 4f35f7cbe854078d1ac9338744f61a02 -> 
  custom:video-encoder-webm-vp8: eb34c28f22e8b96e1ab97ce403110664 -> 
========================================================================
Received Import Request.
  Time since last request: 756541.168808 seconds.
  path: Assets/ModularHousePack1/Prefabs/Modules/Fences/Fence_2.prefab
  artifactKey: Guid(b396398a825a2fb4c9492391dd568bb0) Importer(815301076,1909f56bfc062723c751e8b465ee728b)
Start importing Assets/ModularHousePack1/Prefabs/Modules/Fences/Fence_2.prefab using Guid(b396398a825a2fb4c9492391dd568bb0) Importer(815301076,1909f56bfc062723c751e8b465ee728b)  -> (artifact id: 'dbf7677b989a026d6161023b8d9890cd') in 1.085747 seconds
Number of updated asset objects reloaded before import = 0
Number of asset objects unloaded after import = 219
========================================================================
Received Import Request.
  Time since last request: 0.000057 seconds.
  path: Assets/ModularHousePack1/Prefabs/Modules/Fences/Fence_3.prefab
  artifactKey: Guid(05f610bdf72a02c4ea6a96edf7de4e6c) Importer(815301076,1909f56bfc062723c751e8b465ee728b)
Start importing Assets/ModularHousePack1/Prefabs/Modules/Fences/Fence_3.prefab using Guid(05f610bdf72a02c4ea6a96edf7de4e6c) Importer(815301076,1909f56bfc062723c751e8b465ee728b)  -> (artifact id: '70e1a45802376ae24708d20bfaff905e') in 0.100130 seconds
Number of updated asset objects reloaded before import = 0
Number of asset objects unloaded after import = 13
========================================================================
Received Import Request.
  Time since last request: 0.000048 seconds.
  path: Assets/ModularHousePack1/Prefabs/Modules/Fences/Fence_4.prefab
  artifactKey: Guid(c7ad4b72248507644bb9d41ae4582616) Importer(815301076,1909f56bfc062723c751e8b465ee728b)
Start importing Assets/ModularHousePack1/Prefabs/Modules/Fences/Fence_4.prefab using Guid(c7ad4b72248507644bb9d41ae4582616) Importer(815301076,1909f56bfc062723c751e8b465ee728b)  -> (artifact id: '15c9c65b7332b811fee2389a9644f7f5') in 0.029304 seconds
Number of updated asset objects reloaded before import = 0
Number of asset objects unloaded after import = 13
========================================================================
Received Import Request.
  Time since last request: 35.293608 seconds.
  path: Assets/ModularHousePack1/Prefabs/Modules/Roads/Road_1.prefab
  artifactKey: Guid(26d160590c290d6479ff3ef9ccfa6ab8) Importer(815301076,1909f56bfc062723c751e8b465ee728b)
Start importing Assets/ModularHousePack1/Prefabs/Modules/Roads/Road_1.prefab using Guid(26d160590c290d6479ff3ef9ccfa6ab8) Importer(815301076,1909f56bfc062723c751e8b465ee728b)  -> (artifact id: 'e2c4ebe7391af34d58f728902393d7cc') in 0.217902 seconds
Number of updated asset objects reloaded before import = 0
Number of asset objects unloaded after import = 134
========================================================================
Received Import Request.
  Time since last request: 0.000041 seconds.
  path: Assets/ModularHousePack1/Prefabs/Modules/Roads/Streetlight.prefab
  artifactKey: Guid(e29d08a1ea3fad84183d7e143d1798d5) Importer(815301076,1909f56bfc062723c751e8b465ee728b)
Start importing Assets/ModularHousePack1/Prefabs/Modules/Roads/Streetlight.prefab using Guid(e29d08a1ea3fad84183d7e143d1798d5) Importer(815301076,1909f56bfc062723c751e8b465ee728b)  -> (artifact id: '89fac6c18d9ec5129f3d1dbf90fdf09f') in 0.127040 seconds
Number of updated asset objects reloaded before import = 0
Number of asset objects unloaded after import = 46
========================================================================
Received Import Request.
  Time since last request: 3.135804 seconds.
  path: Assets/ModularHousePack1/Prefabs/Modules/Window/Window_1A.prefab
  artifactKey: Guid(c2327c57515b43d41ba2728111012dfa) Importer(815301076,1909f56bfc062723c751e8b465ee728b)
Start importing Assets/ModularHousePack1/Prefabs/Modules/Window/Window_1A.prefab using Guid(c2327c57515b43d41ba2728111012dfa) Importer(815301076,1909f56bfc062723c751e8b465ee728b)  -> (artifact id: '5020ff288d50bdcab303012c2d02add5') in 0.092772 seconds
Number of updated asset objects reloaded before import = 0
Number of asset objects unloaded after import = 182
========================================================================
Received Import Request.
  Time since last request: 0.850155 seconds.
  path: Assets/ModularHousePack1/Prefabs/Modules/Walls/Wall_1A.prefab
  artifactKey: Guid(44af88ee9fc28e043adf0e6fb2befd88) Importer(815301076,1909f56bfc062723c751e8b465ee728b)
Start importing Assets/ModularHousePack1/Prefabs/Modules/Walls/Wall_1A.prefab using Guid(44af88ee9fc28e043adf0e6fb2befd88) Importer(815301076,1909f56bfc062723c751e8b465ee728b)  -> (artifact id: 'ceb0690aba5c1ae41fd96ff408598e3d') in 0.050341 seconds
Number of updated asset objects reloaded before import = 0
Number of asset objects unloaded after import = 24
========================================================================
Received Import Request.
  Time since last request: 0.000097 seconds.
  path: Assets/ModularHousePack1/Prefabs/Modules/Walls/Wall_2F.prefab
  artifactKey: Guid(8fb0975a029d13847b8b987825cc70cd) Importer(815301076,1909f56bfc062723c751e8b465ee728b)
Start importing Assets/ModularHousePack1/Prefabs/Modules/Walls/Wall_2F.prefab using Guid(8fb0975a029d13847b8b987825cc70cd) Importer(815301076,1909f56bfc062723c751e8b465ee728b)  -> (artifact id: '78365036dba438fbf6136fb880d9a3df') in 0.112942 seconds
Number of updated asset objects reloaded before import = 0
Number of asset objects unloaded after import = 36
========================================================================
Received Import Request.
  Time since last request: 0.628569 seconds.
  path: Assets/ModularHousePack1/Prefabs/Modules/Tiles/Tiles.prefab
  artifactKey: Guid(f065d5ccdda3baa4c917987a172ed394) Importer(815301076,1909f56bfc062723c751e8b465ee728b)
Start importing Assets/ModularHousePack1/Prefabs/Modules/Tiles/Tiles.prefab using Guid(f065d5ccdda3baa4c917987a172ed394) Importer(815301076,1909f56bfc062723c751e8b465ee728b)  -> (artifact id: '5e976a9580356b8b9bf3c7d375826aa2') in 0.056604 seconds
Number of updated asset objects reloaded before import = 0
Number of asset objects unloaded after import = 13
========================================================================
Received Import Request.
  Time since last request: 0.942210 seconds.
  path: Assets/ModularHousePack1/Prefabs/Modules/Stairs/Stairs_1A.prefab
  artifactKey: Guid(68c0361eb0d68f84e96b129856782253) Importer(815301076,1909f56bfc062723c751e8b465ee728b)
Start importing Assets/ModularHousePack1/Prefabs/Modules/Stairs/Stairs_1A.prefab using Guid(68c0361eb0d68f84e96b129856782253) Importer(815301076,1909f56bfc062723c751e8b465ee728b)  -> (artifact id: '306254a32fd4b0fafe3534aec0174178') in 0.066055 seconds
Number of updated asset objects reloaded before import = 0
Number of asset objects unloaded after import = 168
========================================================================
Received Import Request.
  Time since last request: 0.000041 seconds.
  path: Assets/ModularHousePack1/Prefabs/Modules/Stairs/Stairs_3B.prefab
  artifactKey: Guid(c0804da773bf1ed43b03138c53a0e865) Importer(815301076,1909f56bfc062723c751e8b465ee728b)
Start importing Assets/ModularHousePack1/Prefabs/Modules/Stairs/Stairs_3B.prefab using Guid(c0804da773bf1ed43b03138c53a0e865) Importer(815301076,1909f56bfc062723c751e8b465ee728b)  -> (artifact id: 'e58c4670a7d5a45d44c8920968357f0a') in 0.150927 seconds
Number of updated asset objects reloaded before import = 0
Number of asset objects unloaded after import = 170
========================================================================
Received Import Request.
  Time since last request: 0.000036 seconds.
  path: Assets/ModularHousePack1/Prefabs/Modules/Stairs/Stairs_2A.prefab
  artifactKey: Guid(7ef8f970a729f264590d125b80a52995) Importer(815301076,1909f56bfc062723c751e8b465ee728b)
Start importing Assets/ModularHousePack1/Prefabs/Modules/Stairs/Stairs_2A.prefab using Guid(7ef8f970a729f264590d125b80a52995) Importer(815301076,1909f56bfc062723c751e8b465ee728b)  -> (artifact id: '77258db0627332c725188ef61d1f56f3') in 0.118054 seconds
Number of updated asset objects reloaded before import = 0
Number of asset objects unloaded after import = 154
========================================================================
Received Import Request.
  Time since last request: 1.908330 seconds.
  path: Assets/ModularHousePack1/Prefabs/Modules/Roofs/RoofA.prefab
  artifactKey: Guid(e4ab387b3201c18499de07857bf3e99e) Importer(815301076,1909f56bfc062723c751e8b465ee728b)
Start importing Assets/ModularHousePack1/Prefabs/Modules/Roofs/RoofA.prefab using Guid(e4ab387b3201c18499de07857bf3e99e) Importer(815301076,1909f56bfc062723c751e8b465ee728b)  -> (artifact id: '4a22b545e63b15fbdabd3dd98cd1b11f') in 0.077077 seconds
Number of updated asset objects reloaded before import = 0
Number of asset objects unloaded after import = 67
========================================================================
Received Import Request.
  Time since last request: 0.000041 seconds.
  path: Assets/ModularHousePack1/Prefabs/Modules/Roofs/RoofF.prefab
  artifactKey: Guid(b22afd795905e6c468faa199cbbe38dc) Importer(815301076,1909f56bfc062723c751e8b465ee728b)
Start importing Assets/ModularHousePack1/Prefabs/Modules/Roofs/RoofF.prefab using Guid(b22afd795905e6c468faa199cbbe38dc) Importer(815301076,1909f56bfc062723c751e8b465ee728b)  -> (artifact id: 'e3fd36f1424940cfd1387ae8bbf739f0') in 0.100364 seconds
Number of updated asset objects reloaded before import = 0
Number of asset objects unloaded after import = 67
========================================================================
Received Import Request.
  Time since last request: 0.656631 seconds.
  path: Assets/ModularHousePack1/Prefabs/Modules/Ground/Ground.prefab
  artifactKey: Guid(4a750097d33b7f647bb712ac1cd84146) Importer(815301076,1909f56bfc062723c751e8b465ee728b)
Start importing Assets/ModularHousePack1/Prefabs/Modules/Ground/Ground.prefab using Guid(4a750097d33b7f647bb712ac1cd84146) Importer(815301076,1909f56bfc062723c751e8b465ee728b)  -> (artifact id: '9165710ab260be54646825f73acfb4df') in 0.053069 seconds
Number of updated asset objects reloaded before import = 0
Number of asset objects unloaded after import = 14
========================================================================
Received Import Request.
  Time since last request: 1.454376 seconds.
  path: Assets/ModularHousePack1/Prefabs/Modules/Floors/Floor1.prefab
  artifactKey: Guid(3f12d772b19ebb948a751830f8828178) Importer(815301076,1909f56bfc062723c751e8b465ee728b)
Start importing Assets/ModularHousePack1/Prefabs/Modules/Floors/Floor1.prefab using Guid(3f12d772b19ebb948a751830f8828178) Importer(815301076,1909f56bfc062723c751e8b465ee728b)  -> (artifact id: 'bc3cc2a24f5c5ce10607a835cbda660d') in 0.053567 seconds
Number of updated asset objects reloaded before import = 0
Number of asset objects unloaded after import = 37
========================================================================
Received Import Request.
  Time since last request: 1.712355 seconds.
  path: Assets/ModularHousePack1/Prefabs/Modules/Doors/Door_1A.prefab
  artifactKey: Guid(0c447d68afe357744b28e7c773cd345b) Importer(815301076,1909f56bfc062723c751e8b465ee728b)
Start importing Assets/ModularHousePack1/Prefabs/Modules/Doors/Door_1A.prefab using Guid(0c447d68afe357744b28e7c773cd345b) Importer(815301076,1909f56bfc062723c751e8b465ee728b)  -> (artifact id: 'ce8da5612054d7f6c77a4b26f2673543') in 0.090601 seconds
Number of updated asset objects reloaded before import = 0
Number of asset objects unloaded after import = 168
========================================================================
Received Import Request.
  Time since last request: 0.627346 seconds.
  path: Assets/ModularHousePack1/Prefabs/Modules/Curtains/Curtain_1.prefab
  artifactKey: Guid(5f85861ca7dd1cc4ba67f67a123df2c6) Importer(815301076,1909f56bfc062723c751e8b465ee728b)
Start importing Assets/ModularHousePack1/Prefabs/Modules/Curtains/Curtain_1.prefab using Guid(5f85861ca7dd1cc4ba67f67a123df2c6) Importer(815301076,1909f56bfc062723c751e8b465ee728b)  -> (artifact id: 'c1cabda1e42fda01a4f070573d060acb') in 0.059936 seconds
Number of updated asset objects reloaded before import = 0
Number of asset objects unloaded after import = 63
========================================================================
Received Import Request.
  Time since last request: 2.096494 seconds.
  path: Assets/ModularHousePack1/Prefabs/Modules/Corners/Corner_1A.prefab
  artifactKey: Guid(02cad59253e36fa42b9b54704b98183a) Importer(815301076,1909f56bfc062723c751e8b465ee728b)
Start importing Assets/ModularHousePack1/Prefabs/Modules/Corners/Corner_1A.prefab using Guid(02cad59253e36fa42b9b54704b98183a) Importer(815301076,1909f56bfc062723c751e8b465ee728b)  -> (artifact id: '2e0a56d0e90bfd20a61e96f4d0d4d28e') in 0.050065 seconds
Number of updated asset objects reloaded before import = 0
Number of asset objects unloaded after import = 39
========================================================================
Received Import Request.
  Time since last request: 0.000041 seconds.
  path: Assets/ModularHousePack1/Prefabs/Modules/Corners/Corner_5A.prefab
  artifactKey: Guid(f195714e71a5c2041907cd631458b224) Importer(815301076,1909f56bfc062723c751e8b465ee728b)
Start importing Assets/ModularHousePack1/Prefabs/Modules/Corners/Corner_5A.prefab using Guid(f195714e71a5c2041907cd631458b224) Importer(815301076,1909f56bfc062723c751e8b465ee728b)  -> (artifact id: 'eecc78e3fda5695f101678f4be909891') in 0.140633 seconds
Number of updated asset objects reloaded before import = 0
Number of asset objects unloaded after import = 247
========================================================================
Received Import Request.
  Time since last request: 0.000049 seconds.
  path: Assets/ModularHousePack1/Prefabs/Modules/Corners/Corner_3A.prefab
  artifactKey: Guid(5f548698500ffa14f8ca1b1dca5aeeff) Importer(815301076,1909f56bfc062723c751e8b465ee728b)
Start importing Assets/ModularHousePack1/Prefabs/Modules/Corners/Corner_3A.prefab using Guid(5f548698500ffa14f8ca1b1dca5aeeff) Importer(815301076,1909f56bfc062723c751e8b465ee728b)  -> (artifact id: '84c2c07f5fde17220f95df5386aecb92') in 0.112255 seconds
Number of updated asset objects reloaded before import = 0
Number of asset objects unloaded after import = 313
========================================================================
Received Import Request.
  Time since last request: 0.000060 seconds.
  path: Assets/ModularHousePack1/Prefabs/Modules/Corners/Corner_7A.prefab
  artifactKey: Guid(af6261c53791aaf4abfc6911727177a6) Importer(815301076,1909f56bfc062723c751e8b465ee728b)
Start importing Assets/ModularHousePack1/Prefabs/Modules/Corners/Corner_7A.prefab using Guid(af6261c53791aaf4abfc6911727177a6) Importer(815301076,1909f56bfc062723c751e8b465ee728b)  -> (artifact id: '257f2f587e4f8ae5fa758fa9a9bf4167') in 0.096861 seconds
Number of updated asset objects reloaded before import = 0
Number of asset objects unloaded after import = 36
========================================================================
Received Import Request.
  Time since last request: 24.548131 seconds.
  path: Assets/Tree9/Tree9_2.prefab
  artifactKey: Guid(be878d9ea17907f4a8068678a5ce7908) Importer(815301076,1909f56bfc062723c751e8b465ee728b)
Start importing Assets/Tree9/Tree9_2.prefab using Guid(be878d9ea17907f4a8068678a5ce7908) Importer(815301076,1909f56bfc062723c751e8b465ee728b)  -> (artifact id: 'a63d38f7329ecbc34ce6fcc9e100a6ef') in 0.244529 seconds
Number of updated asset objects reloaded before import = 0
Number of asset objects unloaded after import = 30
========================================================================
Received Import Request.
  Time since last request: 2.969527 seconds.
  path: Assets/XR/XRGeneralSettingsPerBuildTarget.asset
  artifactKey: Guid(203b16b1630f65a448d10b364fc517e7) Importer(815301076,1909f56bfc062723c751e8b465ee728b)
Start importing Assets/XR/XRGeneralSettingsPerBuildTarget.asset using Guid(203b16b1630f65a448d10b364fc517e7) Importer(815301076,1909f56bfc062723c751e8b465ee728b)  -> (artifact id: 'eaaf032c4f856ce0027fec613f5ca7c4') in 0.009600 seconds
Number of updated asset objects reloaded before import = 0
Number of asset objects unloaded after import = 7
========================================================================
Received Import Request.
  Time since last request: 6.220296 seconds.
  path: Assets/Standard Assets/water well
  artifactKey: Guid(3dcd372e4e2f50f4faf5ee9f8abd8cd4) Importer(815301076,1909f56bfc062723c751e8b465ee728b)
Start importing Assets/Standard Assets/water well using Guid(3dcd372e4e2f50f4faf5ee9f8abd8cd4) Importer(815301076,1909f56bfc062723c751e8b465ee728b)  -> (artifact id: 'fc676ba903cca6b05ddf72b2dcc1e239') in 0.000604 seconds
Number of updated asset objects reloaded before import = 0
Number of asset objects unloaded after import = 0
========================================================================
Received Import Request.
  Time since last request: 0.063396 seconds.
  path: Assets/Standard Assets/water well/water well.obj
  artifactKey: Guid(56c3f2cbc110c05439c69b40ceb13e3a) Importer(815301076,1909f56bfc062723c751e8b465ee728b)
Start importing Assets/Standard Assets/water well/water well.obj using Guid(56c3f2cbc110c05439c69b40ceb13e3a) Importer(815301076,1909f56bfc062723c751e8b465ee728b)  -> (artifact id: '4265636877e37a3600aa30efcda88efb') in 0.067864 seconds
Number of updated asset objects reloaded before import = 0
Number of asset objects unloaded after import = 12
========================================================================
Received Import Request.
  Time since last request: 3.527350 seconds.
  path: Assets/Standard Assets/water well/water well.unity
  artifactKey: Guid(0a07f2dc0bb02ff4db69f245fa9e7cf1) Importer(815301076,1909f56bfc062723c751e8b465ee728b)
Start importing Assets/Standard Assets/water well/water well.unity using Guid(0a07f2dc0bb02ff4db69f245fa9e7cf1) Importer(815301076,1909f56bfc062723c751e8b465ee728b)  -> (artifact id: '6c002326e6d6719f996188f3c926e9f0') in 0.000750 seconds
Number of updated asset objects reloaded before import = 0
Number of asset objects unloaded after import = 0
========================================================================
Received Import Request.
  Time since last request: 83.823061 seconds.
  path: Assets/Standard Assets/water well/textures
  artifactKey: Guid(2e9dc90b3b6e71d4c85053ddaa0fe762) Importer(815301076,1909f56bfc062723c751e8b465ee728b)
Start importing Assets/Standard Assets/water well/textures using Guid(2e9dc90b3b6e71d4c85053ddaa0fe762) Importer(815301076,1909f56bfc062723c751e8b465ee728b)  -> (artifact id: '33bc7526c3d216c9b56fd47f86a2bb09') in 0.001085 seconds
Number of updated asset objects reloaded before import = 0
Number of asset objects unloaded after import = 0
========================================================================
Received Import Request.
  Time since last request: 0.062115 seconds.
  path: Assets/Standard Assets/water well/textures/water_well_D.psd
  artifactKey: Guid(a07e069c666c71a45a915072ca3281be) Importer(815301076,1909f56bfc062723c751e8b465ee728b)
Start importing Assets/Standard Assets/water well/textures/water_well_D.psd using Guid(a07e069c666c71a45a915072ca3281be) Importer(815301076,1909f56bfc062723c751e8b465ee728b)  -> (artifact id: 'b87f9ea0c9bb0efadacd84100b02bb40') in 0.031941 seconds
Number of updated asset objects reloaded before import = 0
Number of asset objects unloaded after import = 2
========================================================================
Received Import Request.
  Time since last request: 8.519787 seconds.
  path: Assets/Standard Assets/water well/Materials
  artifactKey: Guid(d0797826ee246bd40bf649690887b229) Importer(815301076,1909f56bfc062723c751e8b465ee728b)
Start importing Assets/Standard Assets/water well/Materials using Guid(d0797826ee246bd40bf649690887b229) Importer(815301076,1909f56bfc062723c751e8b465ee728b)  -> (artifact id: '85e7bae66d31d5f13410e70d3086db03') in 0.001138 seconds
Number of updated asset objects reloaded before import = 0
Number of asset objects unloaded after import = 0
========================================================================
Received Import Request.
  Time since last request: 0.155916 seconds.
  path: Assets/Standard Assets/water well/Materials/defaultMat.mat
  artifactKey: Guid(4462495d004ffa6499329c2703dbee86) Importer(815301076,1909f56bfc062723c751e8b465ee728b)
Start importing Assets/Standard Assets/water well/Materials/defaultMat.mat using Guid(4462495d004ffa6499329c2703dbee86) Importer(815301076,1909f56bfc062723c751e8b465ee728b)  -> (artifact id: 'c7308ca36fbbc7d17a1a5527dbac1695') in 0.018848 seconds
Number of updated asset objects reloaded before import = 0
Number of asset objects unloaded after import = 2
========================================================================
Received Import Request.
  Time since last request: 126.288803 seconds.
  path: Assets/TerrainSampleAssets/Prefabs
  artifactKey: Guid(96d928f51cac350499225a93778e20cf) Importer(815301076,1909f56bfc062723c751e8b465ee728b)
Start importing Assets/TerrainSampleAssets/Prefabs using Guid(96d928f51cac350499225a93778e20cf) Importer(815301076,1909f56bfc062723c751e8b465ee728b)  -> (artifact id: '63c9485a8cfdfc5f54802084fecc8c3a') in 0.001021 seconds
Number of updated asset objects reloaded before import = 0
Number of asset objects unloaded after import = 0
========================================================================
Received Import Request.
  Time since last request: 1.751105 seconds.
  path: Assets/TerrainSampleAssets/Settings/FoliageDiffusionProfile.asset
  artifactKey: Guid(a4f9b0b21cfa10140b76854ccb395dcf) Importer(815301076,1909f56bfc062723c751e8b465ee728b)
Start importing Assets/TerrainSampleAssets/Settings/FoliageDiffusionProfile.asset using Guid(a4f9b0b21cfa10140b76854ccb395dcf) Importer(815301076,1909f56bfc062723c751e8b465ee728b)  -> (artifact id: '09cd9f5254e62d82a97ff8763b23a372') in 0.001770 seconds
Number of updated asset objects reloaded before import = 0
Number of asset objects unloaded after import = 1
========================================================================
Received Import Request.
  Time since last request: 1.584514 seconds.
  path: Assets/TerrainSampleAssets/Materials/Bush.asset
  artifactKey: Guid(a48ad8aadb27f004390383c89862e6f3) Importer(815301076,1909f56bfc062723c751e8b465ee728b)
Start importing Assets/TerrainSampleAssets/Materials/Bush.asset using Guid(a48ad8aadb27f004390383c89862e6f3) Importer(815301076,1909f56bfc062723c751e8b465ee728b)  -> (artifact id: '9a716b0b05e2bbe093661b1d61d3e8e0') in 0.090134 seconds
Number of updated asset objects reloaded before import = 0
Number of asset objects unloaded after import = 5
========================================================================
Received Import Request.
  Time since last request: 0.000072 seconds.
  path: Assets/TerrainSampleAssets/Materials/Grass.asset
  artifactKey: Guid(fc123ab8f2eb56945b5849155624e2c0) Importer(815301076,1909f56bfc062723c751e8b465ee728b)
Start importing Assets/TerrainSampleAssets/Materials/Grass.asset using Guid(fc123ab8f2eb56945b5849155624e2c0) Importer(815301076,1909f56bfc062723c751e8b465ee728b)  -> (artifact id: 'bf8487b892249731ea01ba823fdbd77e') in 0.086430 seconds
Number of updated asset objects reloaded before import = 0
Number of asset objects unloaded after import = 6
========================================================================
Received Import Request.
  Time since last request: 0.000047 seconds.
  path: Assets/TerrainSampleAssets/Materials/Fern.asset
  artifactKey: Guid(405b9ff318b139d478492b258cc6f606) Importer(815301076,1909f56bfc062723c751e8b465ee728b)
Start importing Assets/TerrainSampleAssets/Materials/Fern.asset using Guid(405b9ff318b139d478492b258cc6f606) Importer(815301076,1909f56bfc062723c751e8b465ee728b)  -> (artifact id: 'bce01ec011e7bef52a129bcbdc865c86') in 0.095817 seconds
Number of updated asset objects reloaded before import = 0
Number of asset objects unloaded after import = 6
Editor requested this worker to shutdown with reason: Scaling down because of idle timeout
TcpMessagingSession - receive error: operation aborted. errorcode: 995, details: The I/O operation has been aborted because of either a thread exit or an application request.
AssetImportWorker is now disconnected from the server
Process exiting
Exiting without the bug reporter. Application will terminate with return code 0